--------------- Rebuild Started: 07/22/2020 20:35:55 Project: Car Charger, Configuration: ARM GCC 5.4-2016-q2-update Debug ---------------
Deleting file ".\CortexM0\ARM_GCC_541\Debug\alt_mode_hw.o"
Deleting file ".\CortexM0\ARM_GCC_541\Debug\alt_modes_mngr.o"
Deleting file ".\CortexM0\ARM_GCC_541\Debug\vdm_task_mngr.o"
Deleting file ".\CortexM0\ARM_GCC_541\Debug\cy_alt_mode.o"
Deleting file ".\CortexM0\ARM_GCC_541\Debug\uvdm.o"
Deleting file ".\CortexM0\ARM_GCC_541\Debug\app.o"
Deleting file ".\CortexM0\ARM_GCC_541\Debug\pdo.o"
Deleting file ".\CortexM0\ARM_GCC_541\Debug\psource.o"
Deleting file ".\CortexM0\ARM_GCC_541\Debug\swap.o"
Deleting file ".\CortexM0\ARM_GCC_541\Debug\vdm.o"
Deleting file ".\CortexM0\ARM_GCC_541\Debug\battery_charging.o"
Deleting file ".\CortexM0\ARM_GCC_541\Debug\type_a.o"
Deleting file ".\CortexM0\ARM_GCC_541\Debug\vbus_ctrl.o"
Deleting file ".\CortexM0\ARM_GCC_541\Debug\fault_handlers.o"
Deleting file ".\CortexM0\ARM_GCC_541\Debug\boot.o"
Deleting file ".\CortexM0\ARM_GCC_541\Debug\flash.o"
Deleting file ".\CortexM0\ARM_GCC_541\Debug\gpio.o"
Deleting file ".\CortexM0\ARM_GCC_541\Debug\system.o"
Deleting file ".\CortexM0\ARM_GCC_541\Debug\timer.o"
Deleting file ".\CortexM0\ARM_GCC_541\Debug\utils.o"
Deleting file ".\CortexM0\ARM_GCC_541\Debug\config.o"
Deleting file ".\CortexM0\ARM_GCC_541\Debug\datamux_ctrl.o"
Deleting file ".\CortexM0\ARM_GCC_541\Debug\main.o"
Deleting file ".\CortexM0\ARM_GCC_541\Debug\instrumentation.o"
Deleting file ".\CortexM0\ARM_GCC_541\Debug\hal_ccgx.o"
Deleting file ".\CortexM0\ARM_GCC_541\Debug\pdss_mx_hal.o"
Deleting file ".\CortexM0\ARM_GCC_541\Debug\cyfitter_cfg.o"
Deleting file ".\CortexM0\ARM_GCC_541\Debug\cybootloader.o"
Deleting file ".\CortexM0\ARM_GCC_541\Debug\cymetadata.o"
Deleting file ".\CortexM0\ARM_GCC_541\Debug\BUCK_BOOST_EN_C.o"
Deleting file ".\CortexM0\ARM_GCC_541\Debug\BUCK_BOOST_EN_C_PM.o"
Deleting file ".\CortexM0\ARM_GCC_541\Debug\PDSS_PORT0_RX_CLK.o"
Deleting file ".\CortexM0\ARM_GCC_541\Debug\PDSS_PORT0_TX_CLK.o"
Deleting file ".\CortexM0\ARM_GCC_541\Debug\PDSS_PORT0_SAR_CLK.o"
Deleting file ".\CortexM0\ARM_GCC_541\Debug\Bootloadable_1.o"
Deleting file ".\CortexM0\ARM_GCC_541\Debug\PDSS_PORT0_BCH_CLK.o"
Deleting file ".\CortexM0\ARM_GCC_541\Debug\PWM_OUT_A.o"
Deleting file ".\CortexM0\ARM_GCC_541\Debug\PWM_OUT_A_PM.o"
Deleting file ".\CortexM0\ARM_GCC_541\Debug\Clock_2.o"
Deleting file ".\CortexM0\ARM_GCC_541\Debug\PWM_A.o"
Deleting file ".\CortexM0\ARM_GCC_541\Debug\PWM_A_PM.o"
Deleting file ".\CortexM0\ARM_GCC_541\Debug\BUCK_BOOST_EN_A.o"
Deleting file ".\CortexM0\ARM_GCC_541\Debug\BUCK_BOOST_EN_A_PM.o"
Deleting file ".\CortexM0\ARM_GCC_541\Debug\PDSS_PORT0_FILT_CLK_SEL.o"
Deleting file ".\CortexM0\ARM_GCC_541\Debug\PDSS_PORT0_ISINK_CLK.o"
Deleting file ".\CortexM0\ARM_GCC_541\Debug\TYPE_A_VBUS_EN.o"
Deleting file ".\CortexM0\ARM_GCC_541\Debug\TYPE_A_VBUS_EN_PM.o"
Deleting file ".\CortexM0\ARM_GCC_541\Debug\PDSS_PORTX_REFGEN_CLK.o"
Deleting file ".\CortexM0\ARM_GCC_541\Debug\Cm0Start.o"
Deleting file ".\CortexM0\ARM_GCC_541\Debug\CyFlash.o"
Deleting file ".\CortexM0\ARM_GCC_541\Debug\CyLib.o"
Deleting file ".\CortexM0\ARM_GCC_541\Debug\cyPm.o"
Deleting file ".\CortexM0\ARM_GCC_541\Debug\cyutils.o"
Deleting file ".\CortexM0\ARM_GCC_541\Debug\CyBootAsmGnu.o"
Deleting file ".\CortexM0\ARM_GCC_541\Debug\CyLFClk.o"
Deleting file ".\CortexM0\ARM_GCC_541\Debug\cy_em_eeprom.o"
Deleting file ".\CortexM0\ARM_GCC_541\Debug\SW_Tx_UART_AsmGnu.o"
Deleting file ".\CortexM0\ARM_GCC_541\Debug\SW_Tx_UART.o"
Deleting file ".\CortexM0\ARM_GCC_541\Debug\Car Charger.hex"
Deleting file ".\CortexM0\ARM_GCC_541\Debug\Car Charger.map"
Deleting file ".\CortexM0\ARM_GCC_541\Debug\Car Charger.cyacd"
Deleting file ".\Car Charger.cycdx"
Deleting file ".\Car Charger.rpt"
Deleting file ".\CortexM0\ARM_GCC_541\Debug\.deps\SOURCE_C__ARM_GCC_GENERIC.P"
Deleting file ".\CortexM0\ARM_GCC_541\Debug\.deps\SOURCE_ASM__ARM_GCC_GENERIC.P"
cydsfit.exe -.appdatapath "C:\Users\lenovo\AppData\Local\Cypress Semiconductor\PSoC Creator\4.2" -.fdsnotice -.fdswarpdepfile=warp_dependencies.txt -.fdselabdepfile=elab_dependencies.txt -.fdsbldfile=generated_files.txt -.fdsreffile=referenced_files.txt -p "G:\Projects\ccg3pa-car-charger-cla\AMS_Power_Adapter\Car Charger.cydsn\Car Charger.cyprj" -d CYPD3171-24LQXQ -s "G:\Projects\ccg3pa-car-charger-cla\AMS_Power_Adapter\Car Charger.cydsn\Generated_Source\PSoC4" -- -yv2 -q10 -ygs -o2 -v3 -.fftcfgtype=LE
Elaborating Design...
HDL Generation...
Synthesis...
Tech Mapping...
Analog Placement...
Analog Routing...
Analog Code Generation...
Digital Placement...
Digital Routing...
Bitstream Generation...
Bitstream Verification...
Static timing analysis...
API Generation...
Dependency Generation...
Cleanup...
arm-none-eabi-gcc.exe -mcpu=cortex-m0 -mthumb -I.\src\pd_hal -I.\src\app -I.\src\pd_common -I.\src\system -I.\src\scb -I.\src\hpiss -I.\src\app\alt_mode -I.\src\ar_slave -I.\src\usb -I.\common -I.\src\cable_comp -I. -IGenerated_Source\PSoC4 -Wa,-alh=.\CortexM0\ARM_GCC_541\Debug/alt_mode_hw.lst -g -D DEBUG -ffunction-sections -ffat-lto-objects -finline-functions -flto -Os -fno-strict-aliasing -c src\app\alt_mode\alt_mode_hw.c -o .\CortexM0\ARM_GCC_541\Debug\alt_mode_hw.o
arm-none-eabi-gcc.exe -mcpu=cortex-m0 -mthumb -I.\src\pd_hal -I.\src\app -I.\src\pd_common -I.\src\system -I.\src\scb -I.\src\hpiss -I.\src\app\alt_mode -I.\src\ar_slave -I.\src\usb -I.\common -I.\src\cable_comp -I. -IGenerated_Source\PSoC4 -Wa,-alh=.\CortexM0\ARM_GCC_541\Debug/alt_modes_mngr.lst -g -D DEBUG -ffunction-sections -ffat-lto-objects -finline-functions -flto -Os -fno-strict-aliasing -c src\app\alt_mode\alt_modes_mngr.c -o .\CortexM0\ARM_GCC_541\Debug\alt_modes_mngr.o
arm-none-eabi-gcc.exe -mcpu=cortex-m0 -mthumb -I.\src\pd_hal -I.\src\app -I.\src\pd_common -I.\src\system -I.\src\scb -I.\src\hpiss -I.\src\app\alt_mode -I.\src\ar_slave -I.\src\usb -I.\common -I.\src\cable_comp -I. -IGenerated_Source\PSoC4 -Wa,-alh=.\CortexM0\ARM_GCC_541\Debug/vdm_task_mngr.lst -g -D DEBUG -ffunction-sections -ffat-lto-objects -finline-functions -flto -Os -fno-strict-aliasing -c src\app\alt_mode\vdm_task_mngr.c -o .\CortexM0\ARM_GCC_541\Debug\vdm_task_mngr.o
arm-none-eabi-gcc.exe -mcpu=cortex-m0 -mthumb -I.\src\pd_hal -I.\src\app -I.\src\pd_common -I.\src\system -I.\src\scb -I.\src\hpiss -I.\src\app\alt_mode -I.\src\ar_slave -I.\src\usb -I.\common -I.\src\cable_comp -I. -IGenerated_Source\PSoC4 -Wa,-alh=.\CortexM0\ARM_GCC_541\Debug/cy_alt_mode.lst -g -D DEBUG -ffunction-sections -ffat-lto-objects -finline-functions -flto -Os -fno-strict-aliasing -c common\cy_alt_mode.c -o .\CortexM0\ARM_GCC_541\Debug\cy_alt_mode.o
arm-none-eabi-gcc.exe -mcpu=cortex-m0 -mthumb -I.\src\pd_hal -I.\src\app -I.\src\pd_common -I.\src\system -I.\src\scb -I.\src\hpiss -I.\src\app\alt_mode -I.\src\ar_slave -I.\src\usb -I.\common -I.\src\cable_comp -I. -IGenerated_Source\PSoC4 -Wa,-alh=.\CortexM0\ARM_GCC_541\Debug/uvdm.lst -g -D DEBUG -ffunction-sections -ffat-lto-objects -finline-functions -flto -Os -fno-strict-aliasing -c src\app\uvdm.c -o .\CortexM0\ARM_GCC_541\Debug\uvdm.o
arm-none-eabi-gcc.exe -mcpu=cortex-m0 -mthumb -I.\src\pd_hal -I.\src\app -I.\src\pd_common -I.\src\system -I.\src\scb -I.\src\hpiss -I.\src\app\alt_mode -I.\src\ar_slave -I.\src\usb -I.\common -I.\src\cable_comp -I. -IGenerated_Source\PSoC4 -Wa,-alh=.\CortexM0\ARM_GCC_541\Debug/app.lst -g -D DEBUG -ffunction-sections -ffat-lto-objects -finline-functions -flto -Os -fno-strict-aliasing -c src\app\app.c -o .\CortexM0\ARM_GCC_541\Debug\app.o
arm-none-eabi-gcc.exe -mcpu=cortex-m0 -mthumb -I.\src\pd_hal -I.\src\app -I.\src\pd_common -I.\src\system -I.\src\scb -I.\src\hpiss -I.\src\app\alt_mode -I.\src\ar_slave -I.\src\usb -I.\common -I.\src\cable_comp -I. -IGenerated_Source\PSoC4 -Wa,-alh=.\CortexM0\ARM_GCC_541\Debug/pdo.lst -g -D DEBUG -ffunction-sections -ffat-lto-objects -finline-functions -flto -Os -fno-strict-aliasing -c src\app\pdo.c -o .\CortexM0\ARM_GCC_541\Debug\pdo.o
arm-none-eabi-gcc.exe -mcpu=cortex-m0 -mthumb -I.\src\pd_hal -I.\src\app -I.\src\pd_common -I.\src\system -I.\src\scb -I.\src\hpiss -I.\src\app\alt_mode -I.\src\ar_slave -I.\src\usb -I.\common -I.\src\cable_comp -I. -IGenerated_Source\PSoC4 -Wa,-alh=.\CortexM0\ARM_GCC_541\Debug/psource.lst -g -D DEBUG -ffunction-sections -ffat-lto-objects -finline-functions -flto -Os -fno-strict-aliasing -c src\app\psource.c -o .\CortexM0\ARM_GCC_541\Debug\psource.o
arm-none-eabi-gcc.exe -mcpu=cortex-m0 -mthumb -I.\src\pd_hal -I.\src\app -I.\src\pd_common -I.\src\system -I.\src\scb -I.\src\hpiss -I.\src\app\alt_mode -I.\src\ar_slave -I.\src\usb -I.\common -I.\src\cable_comp -I. -IGenerated_Source\PSoC4 -Wa,-alh=.\CortexM0\ARM_GCC_541\Debug/swap.lst -g -D DEBUG -ffunction-sections -ffat-lto-objects -finline-functions -flto -Os -fno-strict-aliasing -c src\app\swap.c -o .\CortexM0\ARM_GCC_541\Debug\swap.o
arm-none-eabi-gcc.exe -mcpu=cortex-m0 -mthumb -I.\src\pd_hal -I.\src\app -I.\src\pd_common -I.\src\system -I.\src\scb -I.\src\hpiss -I.\src\app\alt_mode -I.\src\ar_slave -I.\src\usb -I.\common -I.\src\cable_comp -I. -IGenerated_Source\PSoC4 -Wa,-alh=.\CortexM0\ARM_GCC_541\Debug/vdm.lst -g -D DEBUG -ffunction-sections -ffat-lto-objects -finline-functions -flto -Os -fno-strict-aliasing -c src\app\vdm.c -o .\CortexM0\ARM_GCC_541\Debug\vdm.o
arm-none-eabi-gcc.exe -mcpu=cortex-m0 -mthumb -I.\src\pd_hal -I.\src\app -I.\src\pd_common -I.\src\system -I.\src\scb -I.\src\hpiss -I.\src\app\alt_mode -I.\src\ar_slave -I.\src\usb -I.\common -I.\src\cable_comp -I. -IGenerated_Source\PSoC4 -Wa,-alh=.\CortexM0\ARM_GCC_541\Debug/battery_charging.lst -g -D DEBUG -ffunction-sections -ffat-lto-objects -finline-functions -flto -Os -fno-strict-aliasing -c src\app\battery_charging.c -o .\CortexM0\ARM_GCC_541\Debug\battery_charging.o
arm-none-eabi-gcc.exe -mcpu=cortex-m0 -mthumb -I.\src\pd_hal -I.\src\app -I.\src\pd_common -I.\src\system -I.\src\scb -I.\src\hpiss -I.\src\app\alt_mode -I.\src\ar_slave -I.\src\usb -I.\common -I.\src\cable_comp -I. -IGenerated_Source\PSoC4 -Wa,-alh=.\CortexM0\ARM_GCC_541\Debug/type_a.lst -g -D DEBUG -ffunction-sections -ffat-lto-objects -finline-functions -flto -Os -fno-strict-aliasing -c src\app\type_a.c -o .\CortexM0\ARM_GCC_541\Debug\type_a.o
arm-none-eabi-gcc.exe -mcpu=cortex-m0 -mthumb -I.\src\pd_hal -I.\src\app -I.\src\pd_common -I.\src\system -I.\src\scb -I.\src\hpiss -I.\src\app\alt_mode -I.\src\ar_slave -I.\src\usb -I.\common -I.\src\cable_comp -I. -IGenerated_Source\PSoC4 -Wa,-alh=.\CortexM0\ARM_GCC_541\Debug/vbus_ctrl.lst -g -D DEBUG -ffunction-sections -ffat-lto-objects -finline-functions -flto -Os -fno-strict-aliasing -c src\app\vbus_ctrl.c -o .\CortexM0\ARM_GCC_541\Debug\vbus_ctrl.o
arm-none-eabi-gcc.exe -mcpu=cortex-m0 -mthumb -I.\src\pd_hal -I.\src\app -I.\src\pd_common -I.\src\system -I.\src\scb -I.\src\hpiss -I.\src\app\alt_mode -I.\src\ar_slave -I.\src\usb -I.\common -I.\src\cable_comp -I. -IGenerated_Source\PSoC4 -Wa,-alh=.\CortexM0\ARM_GCC_541\Debug/fault_handlers.lst -g -D DEBUG -ffunction-sections -ffat-lto-objects -finline-functions -flto -Os -fno-strict-aliasing -c src\app\fault_handlers.c -o .\CortexM0\ARM_GCC_541\Debug\fault_handlers.o
arm-none-eabi-gcc.exe -mcpu=cortex-m0 -mthumb -I.\src\pd_hal -I.\src\app -I.\src\pd_common -I.\src\system -I.\src\scb -I.\src\hpiss -I.\src\app\alt_mode -I.\src\ar_slave -I.\src\usb -I.\common -I.\src\cable_comp -I. -IGenerated_Source\PSoC4 -Wa,-alh=.\CortexM0\ARM_GCC_541\Debug/boot.lst -g -D DEBUG -ffunction-sections -ffat-lto-objects -finline-functions -flto -Os -fno-strict-aliasing -c src\system\boot.c -o .\CortexM0\ARM_GCC_541\Debug\boot.o
arm-none-eabi-gcc.exe -mcpu=cortex-m0 -mthumb -I.\src\pd_hal -I.\src\app -I.\src\pd_common -I.\src\system -I.\src\scb -I.\src\hpiss -I.\src\app\alt_mode -I.\src\ar_slave -I.\src\usb -I.\common -I.\src\cable_comp -I. -IGenerated_Source\PSoC4 -Wa,-alh=.\CortexM0\ARM_GCC_541\Debug/flash.lst -g -D DEBUG -ffunction-sections -ffat-lto-objects -finline-functions -flto -Os -fno-strict-aliasing -c src\system\flash.c -o .\CortexM0\ARM_GCC_541\Debug\flash.o
arm-none-eabi-gcc.exe -mcpu=cortex-m0 -mthumb -I.\src\pd_hal -I.\src\app -I.\src\pd_common -I.\src\system -I.\src\scb -I.\src\hpiss -I.\src\app\alt_mode -I.\src\ar_slave -I.\src\usb -I.\common -I.\src\cable_comp -I. -IGenerated_Source\PSoC4 -Wa,-alh=.\CortexM0\ARM_GCC_541\Debug/gpio.lst -g -D DEBUG -ffunction-sections -ffat-lto-objects -finline-functions -flto -Os -fno-strict-aliasing -c src\system\gpio.c -o .\CortexM0\ARM_GCC_541\Debug\gpio.o
arm-none-eabi-gcc.exe -mcpu=cortex-m0 -mthumb -I.\src\pd_hal -I.\src\app -I.\src\pd_common -I.\src\system -I.\src\scb -I.\src\hpiss -I.\src\app\alt_mode -I.\src\ar_slave -I.\src\usb -I.\common -I.\src\cable_comp -I. -IGenerated_Source\PSoC4 -Wa,-alh=.\CortexM0\ARM_GCC_541\Debug/system.lst -g -D DEBUG -ffunction-sections -ffat-lto-objects -finline-functions -flto -Os -fno-strict-aliasing -c src\system\system.c -o .\CortexM0\ARM_GCC_541\Debug\system.o
arm-none-eabi-gcc.exe -mcpu=cortex-m0 -mthumb -I.\src\pd_hal -I.\src\app -I.\src\pd_common -I.\src\system -I.\src\scb -I.\src\hpiss -I.\src\app\alt_mode -I.\src\ar_slave -I.\src\usb -I.\common -I.\src\cable_comp -I. -IGenerated_Source\PSoC4 -Wa,-alh=.\CortexM0\ARM_GCC_541\Debug/timer.lst -g -D DEBUG -ffunction-sections -ffat-lto-objects -finline-functions -flto -Os -fno-strict-aliasing -c src\system\timer.c -o .\CortexM0\ARM_GCC_541\Debug\timer.o
arm-none-eabi-gcc.exe -mcpu=cortex-m0 -mthumb -I.\src\pd_hal -I.\src\app -I.\src\pd_common -I.\src\system -I.\src\scb -I.\src\hpiss -I.\src\app\alt_mode -I.\src\ar_slave -I.\src\usb -I.\common -I.\src\cable_comp -I. -IGenerated_Source\PSoC4 -Wa,-alh=.\CortexM0\ARM_GCC_541\Debug/utils.lst -g -D DEBUG -ffunction-sections -ffat-lto-objects -finline-functions -flto -Os -fno-strict-aliasing -c src\system\utils.c -o .\CortexM0\ARM_GCC_541\Debug\utils.o
arm-none-eabi-gcc.exe -mcpu=cortex-m0 -mthumb -I.\src\pd_hal -I.\src\app -I.\src\pd_common -I.\src\system -I.\src\scb -I.\src\hpiss -I.\src\app\alt_mode -I.\src\ar_slave -I.\src\usb -I.\common -I.\src\cable_comp -I. -IGenerated_Source\PSoC4 -Wa,-alh=.\CortexM0\ARM_GCC_541\Debug/config.lst -g -D DEBUG -ffunction-sections -ffat-lto-objects -finline-functions -flto -Os -fno-strict-aliasing -c common\config.c -o .\CortexM0\ARM_GCC_541\Debug\config.o
arm-none-eabi-gcc.exe -mcpu=cortex-m0 -mthumb -I.\src\pd_hal -I.\src\app -I.\src\pd_common -I.\src\system -I.\src\scb -I.\src\hpiss -I.\src\app\alt_mode -I.\src\ar_slave -I.\src\usb -I.\common -I.\src\cable_comp -I. -IGenerated_Source\PSoC4 -Wa,-alh=.\CortexM0\ARM_GCC_541\Debug/datamux_ctrl.lst -g -D DEBUG -ffunction-sections -ffat-lto-objects -finline-functions -flto -Os -fno-strict-aliasing -c common\datamux_ctrl.c -o .\CortexM0\ARM_GCC_541\Debug\datamux_ctrl.o
arm-none-eabi-gcc.exe -mcpu=cortex-m0 -mthumb -I.\src\pd_hal -I.\src\app -I.\src\pd_common -I.\src\system -I.\src\scb -I.\src\hpiss -I.\src\app\alt_mode -I.\src\ar_slave -I.\src\usb -I.\common -I.\src\cable_comp -I. -IGenerated_Source\PSoC4 -Wa,-alh=.\CortexM0\ARM_GCC_541\Debug/main.lst -g -D DEBUG -ffunction-sections -ffat-lto-objects -finline-functions -flto -Os -fno-strict-aliasing -c common\main.c -o .\CortexM0\ARM_GCC_541\Debug\main.o
arm-none-eabi-gcc.exe -mcpu=cortex-m0 -mthumb -I.\src\pd_hal -I.\src\app -I.\src\pd_common -I.\src\system -I.\src\scb -I.\src\hpiss -I.\src\app\alt_mode -I.\src\ar_slave -I.\src\usb -I.\common -I.\src\cable_comp -I. -IGenerated_Source\PSoC4 -Wa,-alh=.\CortexM0\ARM_GCC_541\Debug/instrumentation.lst -g -D DEBUG -ffunction-sections -ffat-lto-objects -finline-functions -flto -Os -fno-strict-aliasing -c common\instrumentation.c -o .\CortexM0\ARM_GCC_541\Debug\instrumentation.o
arm-none-eabi-gcc.exe -mcpu=cortex-m0 -mthumb -I.\src\pd_hal -I.\src\app -I.\src\pd_common -I.\src\system -I.\src\scb -I.\src\hpiss -I.\src\app\alt_mode -I.\src\ar_slave -I.\src\usb -I.\common -I.\src\cable_comp -I. -IGenerated_Source\PSoC4 -Wa,-alh=.\CortexM0\ARM_GCC_541\Debug/hal_ccgx.lst -g -D DEBUG -ffunction-sections -ffat-lto-objects -finline-functions -flto -Os -fno-strict-aliasing -c src\pd_hal\hal_ccgx.c -o .\CortexM0\ARM_GCC_541\Debug\hal_ccgx.o
arm-none-eabi-gcc.exe -mcpu=cortex-m0 -mthumb -I.\src\pd_hal -I.\src\app -I.\src\pd_common -I.\src\system -I.\src\scb -I.\src\hpiss -I.\src\app\alt_mode -I.\src\ar_slave -I.\src\usb -I.\common -I.\src\cable_comp -I. -IGenerated_Source\PSoC4 -Wa,-alh=.\CortexM0\ARM_GCC_541\Debug/pdss_mx_hal.lst -g -D DEBUG -ffunction-sections -ffat-lto-objects -finline-functions -flto -Os -fno-strict-aliasing -c src\pd_hal\pdss_mx_hal.c -o .\CortexM0\ARM_GCC_541\Debug\pdss_mx_hal.o
arm-none-eabi-gcc.exe -mcpu=cortex-m0 -mthumb -I.\src\pd_hal -I.\src\app -I.\src\pd_common -I.\src\system -I.\src\scb -I.\src\hpiss -I.\src\app\alt_mode -I.\src\ar_slave -I.\src\usb -I.\common -I.\src\cable_comp -I. -IGenerated_Source\PSoC4 -Wa,-alh=.\CortexM0\ARM_GCC_541\Debug/cyfitter_cfg.lst -g -D DEBUG -ffunction-sections -ffat-lto-objects -finline-functions -flto -Os -fno-strict-aliasing -c Generated_Source\PSoC4\cyfitter_cfg.c -o .\CortexM0\ARM_GCC_541\Debug\cyfitter_cfg.o
arm-none-eabi-gcc.exe -mcpu=cortex-m0 -mthumb -I.\src\pd_hal -I.\src\app -I.\src\pd_common -I.\src\system -I.\src\scb -I.\src\hpiss -I.\src\app\alt_mode -I.\src\ar_slave -I.\src\usb -I.\common -I.\src\cable_comp -I. -IGenerated_Source\PSoC4 -Wa,-alh=.\CortexM0\ARM_GCC_541\Debug/cybootloader.lst -g -D DEBUG -ffunction-sections -ffat-lto-objects -finline-functions -flto -Os -fno-strict-aliasing -c Generated_Source\PSoC4\cybootloader.c -o .\CortexM0\ARM_GCC_541\Debug\cybootloader.o
arm-none-eabi-gcc.exe -mcpu=cortex-m0 -mthumb -I.\src\pd_hal -I.\src\app -I.\src\pd_common -I.\src\system -I.\src\scb -I.\src\hpiss -I.\src\app\alt_mode -I.\src\ar_slave -I.\src\usb -I.\common -I.\src\cable_comp -I. -IGenerated_Source\PSoC4 -Wa,-alh=.\CortexM0\ARM_GCC_541\Debug/cymetadata.lst -g -D DEBUG -ffunction-sections -ffat-lto-objects -finline-functions -flto -Os -fno-strict-aliasing -c Generated_Source\PSoC4\cymetadata.c -o .\CortexM0\ARM_GCC_541\Debug\cymetadata.o
arm-none-eabi-gcc.exe -mcpu=cortex-m0 -mthumb -I.\src\pd_hal -I.\src\app -I.\src\pd_common -I.\src\system -I.\src\scb -I.\src\hpiss -I.\src\app\alt_mode -I.\src\ar_slave -I.\src\usb -I.\common -I.\src\cable_comp -I. -IGenerated_Source\PSoC4 -Wa,-alh=.\CortexM0\ARM_GCC_541\Debug/BUCK_BOOST_EN_C.lst -g -D DEBUG -ffunction-sections -ffat-lto-objects -finline-functions -flto -Os -fno-strict-aliasing -c Generated_Source\PSoC4\BUCK_BOOST_EN_C.c -o .\CortexM0\ARM_GCC_541\Debug\BUCK_BOOST_EN_C.o
arm-none-eabi-gcc.exe -mcpu=cortex-m0 -mthumb -I.\src\pd_hal -I.\src\app -I.\src\pd_common -I.\src\system -I.\src\scb -I.\src\hpiss -I.\src\app\alt_mode -I.\src\ar_slave -I.\src\usb -I.\common -I.\src\cable_comp -I. -IGenerated_Source\PSoC4 -Wa,-alh=.\CortexM0\ARM_GCC_541\Debug/BUCK_BOOST_EN_C_PM.lst -g -D DEBUG -ffunction-sections -ffat-lto-objects -finline-functions -flto -Os -fno-strict-aliasing -c Generated_Source\PSoC4\BUCK_BOOST_EN_C_PM.c -o .\CortexM0\ARM_GCC_541\Debug\BUCK_BOOST_EN_C_PM.o
arm-none-eabi-gcc.exe -mcpu=cortex-m0 -mthumb -I.\src\pd_hal -I.\src\app -I.\src\pd_common -I.\src\system -I.\src\scb -I.\src\hpiss -I.\src\app\alt_mode -I.\src\ar_slave -I.\src\usb -I.\common -I.\src\cable_comp -I. -IGenerated_Source\PSoC4 -Wa,-alh=.\CortexM0\ARM_GCC_541\Debug/PDSS_PORT0_RX_CLK.lst -g -D DEBUG -ffunction-sections -ffat-lto-objects -finline-functions -flto -Os -fno-strict-aliasing -c Generated_Source\PSoC4\PDSS_PORT0_RX_CLK.c -o .\CortexM0\ARM_GCC_541\Debug\PDSS_PORT0_RX_CLK.o
arm-none-eabi-gcc.exe -mcpu=cortex-m0 -mthumb -I.\src\pd_hal -I.\src\app -I.\src\pd_common -I.\src\system -I.\src\scb -I.\src\hpiss -I.\src\app\alt_mode -I.\src\ar_slave -I.\src\usb -I.\common -I.\src\cable_comp -I. -IGenerated_Source\PSoC4 -Wa,-alh=.\CortexM0\ARM_GCC_541\Debug/PDSS_PORT0_TX_CLK.lst -g -D DEBUG -ffunction-sections -ffat-lto-objects -finline-functions -flto -Os -fno-strict-aliasing -c Generated_Source\PSoC4\PDSS_PORT0_TX_CLK.c -o .\CortexM0\ARM_GCC_541\Debug\PDSS_PORT0_TX_CLK.o
arm-none-eabi-gcc.exe -mcpu=cortex-m0 -mthumb -I.\src\pd_hal -I.\src\app -I.\src\pd_common -I.\src\system -I.\src\scb -I.\src\hpiss -I.\src\app\alt_mode -I.\src\ar_slave -I.\src\usb -I.\common -I.\src\cable_comp -I. -IGenerated_Source\PSoC4 -Wa,-alh=.\CortexM0\ARM_GCC_541\Debug/PDSS_PORT0_SAR_CLK.lst -g -D DEBUG -ffunction-sections -ffat-lto-objects -finline-functions -flto -Os -fno-strict-aliasing -c Generated_Source\PSoC4\PDSS_PORT0_SAR_CLK.c -o .\CortexM0\ARM_GCC_541\Debug\PDSS_PORT0_SAR_CLK.o
arm-none-eabi-gcc.exe -mcpu=cortex-m0 -mthumb -I.\src\pd_hal -I.\src\app -I.\src\pd_common -I.\src\system -I.\src\scb -I.\src\hpiss -I.\src\app\alt_mode -I.\src\ar_slave -I.\src\usb -I.\common -I.\src\cable_comp -I. -IGenerated_Source\PSoC4 -Wa,-alh=.\CortexM0\ARM_GCC_541\Debug/Bootloadable_1.lst -g -D DEBUG -ffunction-sections -ffat-lto-objects -finline-functions -flto -Os -fno-strict-aliasing -c Generated_Source\PSoC4\Bootloadable_1.c -o .\CortexM0\ARM_GCC_541\Debug\Bootloadable_1.o
arm-none-eabi-gcc.exe -mcpu=cortex-m0 -mthumb -I.\src\pd_hal -I.\src\app -I.\src\pd_common -I.\src\system -I.\src\scb -I.\src\hpiss -I.\src\app\alt_mode -I.\src\ar_slave -I.\src\usb -I.\common -I.\src\cable_comp -I. -IGenerated_Source\PSoC4 -Wa,-alh=.\CortexM0\ARM_GCC_541\Debug/PDSS_PORT0_BCH_CLK.lst -g -D DEBUG -ffunction-sections -ffat-lto-objects -finline-functions -flto -Os -fno-strict-aliasing -c Generated_Source\PSoC4\PDSS_PORT0_BCH_CLK.c -o .\CortexM0\ARM_GCC_541\Debug\PDSS_PORT0_BCH_CLK.o
arm-none-eabi-gcc.exe -mcpu=cortex-m0 -mthumb -I.\src\pd_hal -I.\src\app -I.\src\pd_common -I.\src\system -I.\src\scb -I.\src\hpiss -I.\src\app\alt_mode -I.\src\ar_slave -I.\src\usb -I.\common -I.\src\cable_comp -I. -IGenerated_Source\PSoC4 -Wa,-alh=.\CortexM0\ARM_GCC_541\Debug/PWM_OUT_A.lst -g -D DEBUG -ffunction-sections -ffat-lto-objects -finline-functions -flto -Os -fno-strict-aliasing -c Generated_Source\PSoC4\PWM_OUT_A.c -o .\CortexM0\ARM_GCC_541\Debug\PWM_OUT_A.o
arm-none-eabi-gcc.exe -mcpu=cortex-m0 -mthumb -I.\src\pd_hal -I.\src\app -I.\src\pd_common -I.\src\system -I.\src\scb -I.\src\hpiss -I.\src\app\alt_mode -I.\src\ar_slave -I.\src\usb -I.\common -I.\src\cable_comp -I. -IGenerated_Source\PSoC4 -Wa,-alh=.\CortexM0\ARM_GCC_541\Debug/PWM_OUT_A_PM.lst -g -D DEBUG -ffunction-sections -ffat-lto-objects -finline-functions -flto -Os -fno-strict-aliasing -c Generated_Source\PSoC4\PWM_OUT_A_PM.c -o .\CortexM0\ARM_GCC_541\Debug\PWM_OUT_A_PM.o
arm-none-eabi-gcc.exe -mcpu=cortex-m0 -mthumb -I.\src\pd_hal -I.\src\app -I.\src\pd_common -I.\src\system -I.\src\scb -I.\src\hpiss -I.\src\app\alt_mode -I.\src\ar_slave -I.\src\usb -I.\common -I.\src\cable_comp -I. -IGenerated_Source\PSoC4 -Wa,-alh=.\CortexM0\ARM_GCC_541\Debug/Clock_2.lst -g -D DEBUG -ffunction-sections -ffat-lto-objects -finline-functions -flto -Os -fno-strict-aliasing -c Generated_Source\PSoC4\Clock_2.c -o .\CortexM0\ARM_GCC_541\Debug\Clock_2.o
arm-none-eabi-gcc.exe -mcpu=cortex-m0 -mthumb -I.\src\pd_hal -I.\src\app -I.\src\pd_common -I.\src\system -I.\src\scb -I.\src\hpiss -I.\src\app\alt_mode -I.\src\ar_slave -I.\src\usb -I.\common -I.\src\cable_comp -I. -IGenerated_Source\PSoC4 -Wa,-alh=.\CortexM0\ARM_GCC_541\Debug/PWM_A.lst -g -D DEBUG -ffunction-sections -ffat-lto-objects -finline-functions -flto -Os -fno-strict-aliasing -c Generated_Source\PSoC4\PWM_A.c -o .\CortexM0\ARM_GCC_541\Debug\PWM_A.o
arm-none-eabi-gcc.exe -mcpu=cortex-m0 -mthumb -I.\src\pd_hal -I.\src\app -I.\src\pd_common -I.\src\system -I.\src\scb -I.\src\hpiss -I.\src\app\alt_mode -I.\src\ar_slave -I.\src\usb -I.\common -I.\src\cable_comp -I. -IGenerated_Source\PSoC4 -Wa,-alh=.\CortexM0\ARM_GCC_541\Debug/PWM_A_PM.lst -g -D DEBUG -ffunction-sections -ffat-lto-objects -finline-functions -flto -Os -fno-strict-aliasing -c Generated_Source\PSoC4\PWM_A_PM.c -o .\CortexM0\ARM_GCC_541\Debug\PWM_A_PM.o
arm-none-eabi-gcc.exe -mcpu=cortex-m0 -mthumb -I.\src\pd_hal -I.\src\app -I.\src\pd_common -I.\src\system -I.\src\scb -I.\src\hpiss -I.\src\app\alt_mode -I.\src\ar_slave -I.\src\usb -I.\common -I.\src\cable_comp -I. -IGenerated_Source\PSoC4 -Wa,-alh=.\CortexM0\ARM_GCC_541\Debug/BUCK_BOOST_EN_A.lst -g -D DEBUG -ffunction-sections -ffat-lto-objects -finline-functions -flto -Os -fno-strict-aliasing -c Generated_Source\PSoC4\BUCK_BOOST_EN_A.c -o .\CortexM0\ARM_GCC_541\Debug\BUCK_BOOST_EN_A.o
arm-none-eabi-gcc.exe -mcpu=cortex-m0 -mthumb -I.\src\pd_hal -I.\src\app -I.\src\pd_common -I.\src\system -I.\src\scb -I.\src\hpiss -I.\src\app\alt_mode -I.\src\ar_slave -I.\src\usb -I.\common -I.\src\cable_comp -I. -IGenerated_Source\PSoC4 -Wa,-alh=.\CortexM0\ARM_GCC_541\Debug/BUCK_BOOST_EN_A_PM.lst -g -D DEBUG -ffunction-sections -ffat-lto-objects -finline-functions -flto -Os -fno-strict-aliasing -c Generated_Source\PSoC4\BUCK_BOOST_EN_A_PM.c -o .\CortexM0\ARM_GCC_541\Debug\BUCK_BOOST_EN_A_PM.o
arm-none-eabi-gcc.exe -mcpu=cortex-m0 -mthumb -I.\src\pd_hal -I.\src\app -I.\src\pd_common -I.\src\system -I.\src\scb -I.\src\hpiss -I.\src\app\alt_mode -I.\src\ar_slave -I.\src\usb -I.\common -I.\src\cable_comp -I. -IGenerated_Source\PSoC4 -Wa,-alh=.\CortexM0\ARM_GCC_541\Debug/PDSS_PORT0_FILT_CLK_SEL.lst -g -D DEBUG -ffunction-sections -ffat-lto-objects -finline-functions -flto -Os -fno-strict-aliasing -c Generated_Source\PSoC4\PDSS_PORT0_FILT_CLK_SEL.c -o .\CortexM0\ARM_GCC_541\Debug\PDSS_PORT0_FILT_CLK_SEL.o
arm-none-eabi-gcc.exe -mcpu=cortex-m0 -mthumb -I.\src\pd_hal -I.\src\app -I.\src\pd_common -I.\src\system -I.\src\scb -I.\src\hpiss -I.\src\app\alt_mode -I.\src\ar_slave -I.\src\usb -I.\common -I.\src\cable_comp -I. -IGenerated_Source\PSoC4 -Wa,-alh=.\CortexM0\ARM_GCC_541\Debug/PDSS_PORT0_ISINK_CLK.lst -g -D DEBUG -ffunction-sections -ffat-lto-objects -finline-functions -flto -Os -fno-strict-aliasing -c Generated_Source\PSoC4\PDSS_PORT0_ISINK_CLK.c -o .\CortexM0\ARM_GCC_541\Debug\PDSS_PORT0_ISINK_CLK.o
arm-none-eabi-gcc.exe -mcpu=cortex-m0 -mthumb -I.\src\pd_hal -I.\src\app -I.\src\pd_common -I.\src\system -I.\src\scb -I.\src\hpiss -I.\src\app\alt_mode -I.\src\ar_slave -I.\src\usb -I.\common -I.\src\cable_comp -I. -IGenerated_Source\PSoC4 -Wa,-alh=.\CortexM0\ARM_GCC_541\Debug/TYPE_A_VBUS_EN.lst -g -D DEBUG -ffunction-sections -ffat-lto-objects -finline-functions -flto -Os -fno-strict-aliasing -c Generated_Source\PSoC4\TYPE_A_VBUS_EN.c -o .\CortexM0\ARM_GCC_541\Debug\TYPE_A_VBUS_EN.o
arm-none-eabi-gcc.exe -mcpu=cortex-m0 -mthumb -I.\src\pd_hal -I.\src\app -I.\src\pd_common -I.\src\system -I.\src\scb -I.\src\hpiss -I.\src\app\alt_mode -I.\src\ar_slave -I.\src\usb -I.\common -I.\src\cable_comp -I. -IGenerated_Source\PSoC4 -Wa,-alh=.\CortexM0\ARM_GCC_541\Debug/TYPE_A_VBUS_EN_PM.lst -g -D DEBUG -ffunction-sections -ffat-lto-objects -finline-functions -flto -Os -fno-strict-aliasing -c Generated_Source\PSoC4\TYPE_A_VBUS_EN_PM.c -o .\CortexM0\ARM_GCC_541\Debug\TYPE_A_VBUS_EN_PM.o
arm-none-eabi-gcc.exe -mcpu=cortex-m0 -mthumb -I.\src\pd_hal -I.\src\app -I.\src\pd_common -I.\src\system -I.\src\scb -I.\src\hpiss -I.\src\app\alt_mode -I.\src\ar_slave -I.\src\usb -I.\common -I.\src\cable_comp -I. -IGenerated_Source\PSoC4 -Wa,-alh=.\CortexM0\ARM_GCC_541\Debug/PDSS_PORTX_REFGEN_CLK.lst -g -D DEBUG -ffunction-sections -ffat-lto-objects -finline-functions -flto -Os -fno-strict-aliasing -c Generated_Source\PSoC4\PDSS_PORTX_REFGEN_CLK.c -o .\CortexM0\ARM_GCC_541\Debug\PDSS_PORTX_REFGEN_CLK.o
arm-none-eabi-gcc.exe -mcpu=cortex-m0 -mthumb -I.\src\pd_hal -I.\src\app -I.\src\pd_common -I.\src\system -I.\src\scb -I.\src\hpiss -I.\src\app\alt_mode -I.\src\ar_slave -I.\src\usb -I.\common -I.\src\cable_comp -I. -IGenerated_Source\PSoC4 -Wa,-alh=.\CortexM0\ARM_GCC_541\Debug/Cm0Start.lst -g -D DEBUG -ffunction-sections -ffat-lto-objects -finline-functions -flto -Os -fno-strict-aliasing -c Generated_Source\PSoC4\Cm0Start.c -o .\CortexM0\ARM_GCC_541\Debug\Cm0Start.o
arm-none-eabi-gcc.exe -mcpu=cortex-m0 -mthumb -I.\src\pd_hal -I.\src\app -I.\src\pd_common -I.\src\system -I.\src\scb -I.\src\hpiss -I.\src\app\alt_mode -I.\src\ar_slave -I.\src\usb -I.\common -I.\src\cable_comp -I. -IGenerated_Source\PSoC4 -Wa,-alh=.\CortexM0\ARM_GCC_541\Debug/CyFlash.lst -g -D DEBUG -ffunction-sections -ffat-lto-objects -finline-functions -flto -Os -fno-strict-aliasing -c Generated_Source\PSoC4\CyFlash.c -o .\CortexM0\ARM_GCC_541\Debug\CyFlash.o
arm-none-eabi-gcc.exe -mcpu=cortex-m0 -mthumb -I.\src\pd_hal -I.\src\app -I.\src\pd_common -I.\src\system -I.\src\scb -I.\src\hpiss -I.\src\app\alt_mode -I.\src\ar_slave -I.\src\usb -I.\common -I.\src\cable_comp -I. -IGenerated_Source\PSoC4 -Wa,-alh=.\CortexM0\ARM_GCC_541\Debug/CyLib.lst -g -D DEBUG -ffunction-sections -ffat-lto-objects -finline-functions -flto -Os -fno-strict-aliasing -c Generated_Source\PSoC4\CyLib.c -o .\CortexM0\ARM_GCC_541\Debug\CyLib.o
arm-none-eabi-gcc.exe -mcpu=cortex-m0 -mthumb -I.\src\pd_hal -I.\src\app -I.\src\pd_common -I.\src\system -I.\src\scb -I.\src\hpiss -I.\src\app\alt_mode -I.\src\ar_slave -I.\src\usb -I.\common -I.\src\cable_comp -I. -IGenerated_Source\PSoC4 -Wa,-alh=.\CortexM0\ARM_GCC_541\Debug/cyPm.lst -g -D DEBUG -ffunction-sections -ffat-lto-objects -finline-functions -flto -Os -fno-strict-aliasing -c Generated_Source\PSoC4\cyPm.c -o .\CortexM0\ARM_GCC_541\Debug\cyPm.o
arm-none-eabi-gcc.exe -mcpu=cortex-m0 -mthumb -I.\src\pd_hal -I.\src\app -I.\src\pd_common -I.\src\system -I.\src\scb -I.\src\hpiss -I.\src\app\alt_mode -I.\src\ar_slave -I.\src\usb -I.\common -I.\src\cable_comp -I. -IGenerated_Source\PSoC4 -Wa,-alh=.\CortexM0\ARM_GCC_541\Debug/cyutils.lst -g -D DEBUG -ffunction-sections -ffat-lto-objects -finline-functions -flto -Os -fno-strict-aliasing -c Generated_Source\PSoC4\cyutils.c -o .\CortexM0\ARM_GCC_541\Debug\cyutils.o
arm-none-eabi-gcc.exe -mcpu=cortex-m0 -mthumb -I.\src\pd_hal -I.\src\app -I.\src\pd_common -I.\src\system -I.\src\scb -I.\src\hpiss -I.\src\app\alt_mode -I.\src\ar_slave -I.\src\usb -I.\common -I.\src\cable_comp -I. -IGenerated_Source\PSoC4 -Wa,-alh=.\CortexM0\ARM_GCC_541\Debug/CyLFClk.lst -g -D DEBUG -ffunction-sections -ffat-lto-objects -finline-functions -flto -Os -fno-strict-aliasing -c Generated_Source\PSoC4\CyLFClk.c -o .\CortexM0\ARM_GCC_541\Debug\CyLFClk.o
arm-none-eabi-gcc.exe -mcpu=cortex-m0 -mthumb -I.\src\pd_hal -I.\src\app -I.\src\pd_common -I.\src\system -I.\src\scb -I.\src\hpiss -I.\src\app\alt_mode -I.\src\ar_slave -I.\src\usb -I.\common -I.\src\cable_comp -I. -IGenerated_Source\PSoC4 -Wa,-alh=.\CortexM0\ARM_GCC_541\Debug/cy_em_eeprom.lst -g -D DEBUG -ffunction-sections -ffat-lto-objects -finline-functions -flto -Os -fno-strict-aliasing -c Generated_Source\PSoC4\cy_em_eeprom.c -o .\CortexM0\ARM_GCC_541\Debug\cy_em_eeprom.o
arm-none-eabi-gcc.exe -mcpu=cortex-m0 -mthumb -I.\src\pd_hal -I.\src\app -I.\src\pd_common -I.\src\system -I.\src\scb -I.\src\hpiss -I.\src\app\alt_mode -I.\src\ar_slave -I.\src\usb -I.\common -I.\src\cable_comp -I. -IGenerated_Source\PSoC4 -Wa,-alh=.\CortexM0\ARM_GCC_541\Debug/SW_Tx_UART.lst -g -D DEBUG -ffunction-sections -ffat-lto-objects -finline-functions -flto -Os -fno-strict-aliasing -c Generated_Source\PSoC4\SW_Tx_UART.c -o .\CortexM0\ARM_GCC_541\Debug\SW_Tx_UART.o
arm-none-eabi-as.exe -mcpu=cortex-m0 -mthumb -I. -IGenerated_Source\PSoC4 -alh=.\CortexM0\ARM_GCC_541\Debug/CyBootAsmGnu.lst -g -W -o .\CortexM0\ARM_GCC_541\Debug\CyBootAsmGnu.o Generated_Source\PSoC4\CyBootAsmGnu.s
arm-none-eabi-as.exe -mcpu=cortex-m0 -mthumb -I. -IGenerated_Source\PSoC4 -alh=.\CortexM0\ARM_GCC_541\Debug/SW_Tx_UART_AsmGnu.lst -g -W -o .\CortexM0\ARM_GCC_541\Debug\SW_Tx_UART_AsmGnu.o Generated_Source\PSoC4\SW_Tx_UART_AsmGnu.s
arm-none-eabi-ar.exe -rs ".\CortexM0\ARM_GCC_541\Debug\Car Charger.a" .\CortexM0\ARM_GCC_541\Debug\BUCK_BOOST_EN_C.o .\CortexM0\ARM_GCC_541\Debug\BUCK_BOOST_EN_C_PM.o .\CortexM0\ARM_GCC_541\Debug\PDSS_PORT0_RX_CLK.o .\CortexM0\ARM_GCC_541\Debug\PDSS_PORT0_TX_CLK.o .\CortexM0\ARM_GCC_541\Debug\PDSS_PORT0_SAR_CLK.o .\CortexM0\ARM_GCC_541\Debug\Bootloadable_1.o .\CortexM0\ARM_GCC_541\Debug\PDSS_PORT0_BCH_CLK.o .\CortexM0\ARM_GCC_541\Debug\PWM_OUT_A.o .\CortexM0\ARM_GCC_541\Debug\PWM_OUT_A_PM.o .\CortexM0\ARM_GCC_541\Debug\Clock_2.o .\CortexM0\ARM_GCC_541\Debug\PWM_A.o .\CortexM0\ARM_GCC_541\Debug\PWM_A_PM.o .\CortexM0\ARM_GCC_541\Debug\BUCK_BOOST_EN_A.o .\CortexM0\ARM_GCC_541\Debug\BUCK_BOOST_EN_A_PM.o .\CortexM0\ARM_GCC_541\Debug\PDSS_PORT0_FILT_CLK_SEL.o .\CortexM0\ARM_GCC_541\Debug\PDSS_PORT0_ISINK_CLK.o .\CortexM0\ARM_GCC_541\Debug\TYPE_A_VBUS_EN.o .\CortexM0\ARM_GCC_541\Debug\TYPE_A_VBUS_EN_PM.o .\CortexM0\ARM_GCC_541\Debug\PDSS_PORTX_REFGEN_CLK.o .\CortexM0\ARM_GCC_541\Debug\CyFlash.o .\CortexM0\ARM_GCC_541\Debug\CyLib.o .\CortexM0\ARM_GCC_541\Debug\cyPm.o .\CortexM0\ARM_GCC_541\Debug\cyutils.o .\CortexM0\ARM_GCC_541\Debug\CyLFClk.o .\CortexM0\ARM_GCC_541\Debug\cy_em_eeprom.o .\CortexM0\ARM_GCC_541\Debug\SW_Tx_UART.o .\CortexM0\ARM_GCC_541\Debug\CyBootAsmGnu.o .\CortexM0\ARM_GCC_541\Debug\SW_Tx_UART_AsmGnu.o
arm-none-eabi-ar.exe: creating .\CortexM0\ARM_GCC_541\Debug\Car Charger.a
arm-none-eabi-gcc.exe -Wl,--start-group -o "G:\Projects\ccg3pa-car-charger-cla\AMS_Power_Adapter\Car Charger.cydsn\CortexM0\ARM_GCC_541\Debug\Car Charger.elf" .\CortexM0\ARM_GCC_541\Debug\alt_mode_hw.o .\CortexM0\ARM_GCC_541\Debug\alt_modes_mngr.o .\CortexM0\ARM_GCC_541\Debug\vdm_task_mngr.o .\CortexM0\ARM_GCC_541\Debug\cy_alt_mode.o .\CortexM0\ARM_GCC_541\Debug\uvdm.o .\CortexM0\ARM_GCC_541\Debug\app.o .\CortexM0\ARM_GCC_541\Debug\pdo.o .\CortexM0\ARM_GCC_541\Debug\psource.o .\CortexM0\ARM_GCC_541\Debug\swap.o .\CortexM0\ARM_GCC_541\Debug\vdm.o .\CortexM0\ARM_GCC_541\Debug\battery_charging.o .\CortexM0\ARM_GCC_541\Debug\type_a.o .\CortexM0\ARM_GCC_541\Debug\vbus_ctrl.o .\CortexM0\ARM_GCC_541\Debug\fault_handlers.o .\CortexM0\ARM_GCC_541\Debug\boot.o .\CortexM0\ARM_GCC_541\Debug\flash.o .\CortexM0\ARM_GCC_541\Debug\gpio.o .\CortexM0\ARM_GCC_541\Debug\system.o .\CortexM0\ARM_GCC_541\Debug\timer.o .\CortexM0\ARM_GCC_541\Debug\utils.o .\CortexM0\ARM_GCC_541\Debug\config.o .\CortexM0\ARM_GCC_541\Debug\datamux_ctrl.o .\CortexM0\ARM_GCC_541\Debug\main.o .\CortexM0\ARM_GCC_541\Debug\instrumentation.o .\CortexM0\ARM_GCC_541\Debug\hal_ccgx.o .\CortexM0\ARM_GCC_541\Debug\pdss_mx_hal.o .\CortexM0\ARM_GCC_541\Debug\cyfitter_cfg.o .\CortexM0\ARM_GCC_541\Debug\cybootloader.o .\CortexM0\ARM_GCC_541\Debug\cymetadata.o .\CortexM0\ARM_GCC_541\Debug\Cm0Start.o ".\CortexM0\ARM_GCC_541\Debug\Car Charger.a" -mcpu=cortex-m0 -mthumb -l ccgx_pd3_src -l ccgx_cablecomp -L Generated_Source\PSoC4 -L .\lib\ccg3pa "-Wl,-Map,.\CortexM0\ARM_GCC_541\Debug/Car Charger.map" -T .\cm0gcc.ld -specs=nano.specs -Wl,--gc-sections -flto -Os -g -ffunction-sections -finline-functions -Os -flto -ffat-lto-objects -Wl,--end-group
c:/program files (x86)/cypress_4.2/psoc creator/4.2/psoc creator/import/gnu/arm/5.4.1/bin/../lib/gcc/arm-none-eabi/5.4.1/../../../../arm-none-eabi/lib/armv6-m\libg_nano.a(lib_a-sbrkr.o): In function `_sbrk_r':
sbrkr.c:(.text._sbrk_r+0xc): undefined reference to `_sbrk'
collect2.exe: error: ld returned 1 exit status
The command 'arm-none-eabi-gcc.exe' failed with exit code '1'.
--------------- Rebuild Failed: 07/22/2020 20:36:50 ---------------
