bﬂ[INFO]: [main]AMS Power Dynamic Supply 
[POWER RT]: [print_power] W= 0 [mW] U=ea [mV] I= 0 [mA] 
[APP EVENT]: [app_event_handler]Type-C AttachWait state entered
[POWER RT]: [print_power] W= 0 [mW] U=c3 [mV] I= 0 [mA] 
[POWER RT]: [print_power] W= 0 [mW] U=1360 [mV] I= 0 [mA] 
[APP EVENT]: [app_psrc_tmr_cbk] APP_PSOURCE_EN_TIMER expired
[APP EVENT]: [call_psrc_ready_cbk]Send Ps_rdy
[POWER RT]: [print_power] W= 0 [mW] U= 0 [mV] I= 0 [mA] 
[APP EVENT]: [app_event_handler]Type-C AttachWait state entered
[POWER RT]: [print_power] W= 0 [mW] U=c3 [mV] I= 0 [mA] 
[POWER RT]: [print_power] W= 0 [mW] U=c3 [mV] I= 0 [mA] 
[APP EVENT]: [app_psrc_tmr_cbk] APP_PSOURCE_EN_TIMER expired
[APP EVENT]: [call_psrc_ready_cbk]Send Ps_rdy
[POWER RT]: [print_power] W= 0 [mW] U= 0 [mV] I= 0 [mA] 
[APP EVENT]: [app_event_handler]Type-C AttachWait state entered
[POWER RT]: [print_power] W= 0 [mW] U=c3 [mV] I= 0 [mA] 
[POWER RT]: [print_power] W= 0 [mW] U=c3 [mV] I= 0 [mA] 
[APP EVENT]: [app_psrc_tmr_cbk] APP_PSOURCE_EN_TIMER expired
[APP EVENT]: [call_psrc_ready_cbk]Send Ps_rdy
[POWER RT]: [print_power] W= 0 [mW] U= 0 [mV] I= 0 [mA] 
[APP EVENT]: [app_event_handler]Type-C AttachWait state entered
